<?xml version="1.0" encoding="UTF-8"?>
<!-- Generated by org.testng.reporters.JUnitReportReporter -->
<testsuite hostname="LAPTOP-9H358MQU" failures="0" tests="2" name="HMS.admin.testcases.VistorpageTest" time="171.617" errors="0" timestamp="2021-06-17T12:22:29 IST" skipped="0">
  <testcase classname="HMS.admin.testcases.VistorpageTest" name="addvisitor" time="76.805"/>
  <system-out/>
  <testcase classname="HMS.admin.testcases.VistorpageTest" name="addvisitor" time="94.812"/>
  <system-out/>
</testsuite> <!-- HMS.admin.testcases.VistorpageTest -->
