<?xml version="1.0" encoding="UTF-8"?>
<!-- Generated by org.testng.reporters.JUnitReportReporter -->
<testsuite hostname="LAPTOP-9H358MQU" failures="0" tests="2" name="HMS.admin.testcases.FrontofficeTest" time="124.752" errors="0" timestamp="2021-06-17T12:22:29 IST" skipped="0">
  <testcase classname="HMS.admin.testcases.FrontofficeTest" name="verifytabletitle" time="52.519"/>
  <system-out/>
  <testcase classname="HMS.admin.testcases.FrontofficeTest" name="clickonvistor" time="72.233"/>
  <system-out/>
</testsuite> <!-- HMS.admin.testcases.FrontofficeTest -->
