<?xml version="1.0" encoding="UTF-8"?>
<!-- Generated by org.testng.reporters.JUnitReportReporter -->
<testsuite hostname="LAPTOP-9H358MQU" failures="0" tests="3" name="HMS.admin.testcases.LoginpageTest" time="62.284" errors="0" timestamp="2021-06-17T12:22:29 IST" skipped="0">
  <testcase classname="HMS.admin.testcases.LoginpageTest" name="verifytitle" time="10.258"/>
  <system-out/>
  <testcase classname="HMS.admin.testcases.LoginpageTest" name="verifylogo" time="7.257"/>
  <system-out/>
  <testcase classname="HMS.admin.testcases.LoginpageTest" name="logintest" time="44.769"/>
  <system-out/>
</testsuite> <!-- HMS.admin.testcases.LoginpageTest -->
