<?xml version="1.0" encoding="UTF-8"?>
<!-- Generated by org.testng.reporters.JUnitReportReporter -->
<testsuite hostname="LAPTOP-9H358MQU" failures="0" tests="2" name="HMS.admin.testcases.FrontofficeTest" time="74.305" errors="0" timestamp="27 May 2021 10:12:04 GMT" skipped="0">
  <testcase classname="HMS.admin.testcases.FrontofficeTest" name="verifytabletitle" time="22.172"/>
  <testcase classname="HMS.admin.testcases.FrontofficeTest" name="clickonvistor" time="52.133"/>
</testsuite> <!-- HMS.admin.testcases.FrontofficeTest -->
