<?xml version="1.0" encoding="UTF-8"?>
<!-- Generated by org.testng.reporters.JUnitReportReporter -->
<testsuite hostname="LAPTOP-9H358MQU" failures="0" tests="3" name="HMS.admin.testcases.LoginpageTest" time="41.523" errors="0" timestamp="27 May 2021 10:12:04 GMT" skipped="0">
  <testcase classname="HMS.admin.testcases.LoginpageTest" name="verifytitle" time="4.136"/>
  <testcase classname="HMS.admin.testcases.LoginpageTest" name="verifylogo" time="4.996"/>
  <testcase classname="HMS.admin.testcases.LoginpageTest" name="logintest" time="32.391"/>
</testsuite> <!-- HMS.admin.testcases.LoginpageTest -->
